# Preference setting overrides
gui_create_pref_key -category {Globals} -key {load_detail_for_funcov} -value_type {bool} -value {false}
gui_set_pref_value -category {Source} -key {value_annotate} -value {true}
gui_create_pref_category -category {schem_obj_name}
gui_create_pref_key -category {schem_obj_name} -key {show_cell_and_pin_with_symbol_name} -value_type {bool} -value {false}
gui_create_pref_key -category {schem_pin_hc} -key {textExtFont} -value_type {string} -value {Helvetica,10,-1,5,50,0,0,0,0,0}

# State setting overrides
gui_state_default_create -off -ini
gui_set_state_value -category Globals -key recent_sessions -value {{gui_load_session -ignore_errors -file /home/shiyuwu/EECS470/lab1/lab1/view01.tcl -ignore_errors} {gui_load_session -ignore_errors -file /home/shiyuwu/EECS470/lab1/lab1/view01.tcl}}
gui_set_state_value -category Layout -key child_console_size_x -value 1126
gui_set_state_value -category Layout -key child_console_size_y -value 177
gui_set_state_value -category Layout -key child_data_size_x -value 172
gui_set_state_value -category Layout -key child_data_size_y -value 575
gui_set_state_value -category Layout -key child_hier_col3 -value {-1}
gui_set_state_value -category Layout -key child_hier_colpd -value 0
gui_set_state_value -category Layout -key child_hier_size_x -value 172
gui_set_state_value -category Layout -key child_hier_size_y -value 575
gui_set_state_value -category Layout -key child_schematic_docknewline -value false
gui_set_state_value -category Layout -key child_schematic_pos_x -value {-2}
gui_set_state_value -category Layout -key child_schematic_pos_y -value {-15}
gui_set_state_value -category Layout -key child_schematic_size_x -value 784
gui_set_state_value -category Layout -key child_schematic_size_y -value 570
gui_set_state_value -category Layout -key child_source_docknewline -value false
gui_set_state_value -category Layout -key child_source_pos_x -value {-2}
gui_set_state_value -category Layout -key child_source_pos_y -value {-15}
gui_set_state_value -category Layout -key child_source_size_x -value 785
gui_set_state_value -category Layout -key child_source_size_y -value 570
gui_set_state_value -category Layout -key child_wave_colname -value 192
gui_set_state_value -category Layout -key child_wave_colvalue -value 193
gui_set_state_value -category Layout -key child_wave_left -value 389
gui_set_state_value -category Layout -key child_wave_right -value 948
gui_set_state_value -category Layout -key main_pos_x -value 1073
gui_set_state_value -category Layout -key main_pos_y -value 530
gui_set_state_value -category Layout -key main_size_x -value 2199
gui_set_state_value -category Layout -key main_size_y -value 1405
gui_set_state_value -category Layout -key stand_wave_child_docknewline -value false
gui_set_state_value -category Layout -key stand_wave_child_pos_x -value {-2}
gui_set_state_value -category Layout -key stand_wave_child_pos_y -value {-15}
gui_set_state_value -category Layout -key stand_wave_child_size_x -value 1347
gui_set_state_value -category Layout -key stand_wave_child_size_y -value 635
gui_set_state_value -category Layout -key stand_wave_top_pos_x -value 859
gui_set_state_value -category Layout -key stand_wave_top_pos_y -value 666
gui_set_state_value -category Layout -key stand_wave_top_size_x -value 2201
gui_set_state_value -category Layout -key stand_wave_top_size_y -value 1405
gui_create_state_key -category FindDialog -key m_pMatchCase -value_type bool -value false
gui_create_state_key -category FindDialog -key m_pMatchWord -value_type bool -value false
gui_create_state_key -category FindDialog -key m_pUseCombo -value_type string -value {}
gui_create_state_key -category FindDialog -key m_pWrapAround -value_type bool -value true
gui_state_default_create -off

# Begin command logging
gui_sim_run Ucli -exe dve -args {-ucligui  +vc +define+ +memcbk} -dir .
gui_list_expand -id  Hier.1   testbench
gui_list_select -id Hier.1 -current_item_name testbench -current_item_type Scope  -selected  {  }
gui_list_select -id Hier.1 -current_item_name testbench.arb -current_item_type Scope  -selected  { testbench.arb   }
gui_list_select -id Hier.1 -current_item_name testbench -current_item_type Scope  -selected  { testbench   }
gui_list_select -id Hier.1 -current_item_name testbench.arb -current_item_type Scope  -selected  { testbench.arb   }
gui_list_select -id Data.1 -selected  { testbench.arb.a_req  testbench.arb.b_req  testbench.arb.reset  testbench.arb.clock  testbench.arb.a_res  testbench.arb.b_res  {testbench.arb.state[1:0]}  {testbench.arb.next_state[1:0]}   }
gui_open_window Wave
gui_list_add -id Wave.1 -from Data.1 { testbench.arb.a_req testbench.arb.b_req testbench.arb.reset testbench.arb.clock testbench.arb.a_res testbench.arb.b_res {testbench.arb.state[1:0]} {testbench.arb.next_state[1:0]} } -insertionbar
gui_list_select -id Hier.1 -current_item_name testbench.arb -current_item_type Scope  -selected  {  }
gui_list_select -id Hier.1 -current_item_name testbench -current_item_type Scope  -selected  { testbench   }
gui_list_select -id Data.1 -selected  { testbench.a_req  testbench.b_req  testbench.reset  testbench.clock  testbench.a_res  testbench.b_res   }
gui_list_add -id Wave.1 -from Data.1 { testbench.a_req testbench.b_req testbench.reset testbench.clock testbench.a_res testbench.b_res } -insertionbar
gui_marker_move -id  Wave.1 C1 243
gui_list_select -id Wave.1 -selected  { testbench.b_res   }
gui_list_move  -id  Wave.1    -sid  Wave.1   -after testbench.clock {{testbench.b_res}} 
gui_list_select -id Wave.1 -selected  { testbench.b_req   }
gui_marker_move -id  Wave.1 C1 136
gui_close_window -window TopLevel.2
gui_list_select -id Hier.1 -current_item_name testbench.arb -current_item_type Scope  -selected  { testbench.arb   }
gui_list_select -id Data.1 -selected  {  }
gui_list_select -id Data.1 -selected  { testbench.arb.clock  testbench.arb.a_res  testbench.arb.reset  testbench.arb.b_req  testbench.arb.a_req   }
gui_list_select -id Data.1 -selected  {  }
gui_list_select -id Data.1 -selected  { testbench.arb.clock  testbench.arb.a_res  testbench.arb.reset  testbench.arb.b_req   }
gui_list_select -id Data.1 -selected  { testbench.arb.a_req   }
gui_list_select -id Data.1 -selected  { testbench.arb.a_req  testbench.arb.b_req  testbench.arb.reset  testbench.arb.clock  testbench.arb.a_res  testbench.arb.b_res  {testbench.arb.state[1:0]}  {testbench.arb.next_state[1:0]}   }
gui_open_window Wave
gui_list_add -id Wave.1 -from Data.1 { testbench.arb.a_req testbench.arb.b_req testbench.arb.reset testbench.arb.clock testbench.arb.a_res testbench.arb.b_res {testbench.arb.state[1:0]} {testbench.arb.next_state[1:0]} } -insertionbar
gui_sim_continue  
gui_wv_zoom_timerange -id  Wave.1 0 597
gui_wv_scroll_hslidermove -id  Wave.1 0
gui_wv_scroll_hslidermove -id  Wave.1 0
gui_wv_scroll_hslidermove -id  Wave.1 0
gui_marker_move -id  Wave.1 C1 184
gui_marker_move -id  Wave.1 C1 37
gui_marker_move -id  Wave.1 C1 25
gui_marker_move -id  Wave.1 C1 18
gui_marker_move -id  Wave.1 C1 93
gui_view_port_history -window Wave.1 -previous
gui_view_port_history -window Wave.1 -previous
gui_view_port_history -window Wave.1 -next
gui_marker_move -id  Wave.1 C1 32
gui_list_select -id Wave.1 -selected  { testbench.arb.clock   }
gui_list_select -id Wave.1 -selected  { testbench.arb.reset   }
gui_list_select -id Wave.1 -selected  { testbench.arb.a_req   }
gui_list_select -id Wave.1 -selected  { testbench.arb.b_req   }
gui_list_select -id Wave.1 -selected  { testbench.arb.clock   }
gui_list_select -id Wave.1 -selected  { testbench.arb.a_res   }
gui_list_select -id Wave.1 -selected  { testbench.arb.b_res   }
gui_list_select -id Wave.1 -selected  { testbench.arb.a_res   }
gui_close_window -window TopLevel.2
gui_open_window Wave
gui_list_add -id Wave.1 -from Data.1 { testbench.arb.a_req testbench.arb.b_req testbench.arb.reset testbench.arb.clock testbench.arb.a_res testbench.arb.b_res {testbench.arb.state[1:0]} {testbench.arb.next_state[1:0]} } -insertionbar
gui_wv_zoom_timerange -id  Wave.1 0 597
gui_view_port_history -window Wave.1 -previous
gui_view_port_history -window Wave.1 -next
gui_view_port_history -window Wave.1 -previous
gui_view_port_history -window Wave.1 -previous
gui_view_port_history -window Wave.1 -previous
gui_view_port_history -window Wave.1 -next
gui_view_port_history -window Wave.1 -next
gui_view_port_history -window Wave.1 -previous
gui_close_window -window TopLevel.2
