17:11:45    16 -->                                                             [tcl] ucliGUI::connect -toolargs -ucligui -toolexe dve +vc +define+ +memcbk -pid 16380 -toolin /tmp/vcs_20190114221141_16379_shiyuwu..stdin -toolout /tmp/vcs_20190114221141_16379_shiyuwu..stdout  
17:11:45    17 -->                                                                 [tcl] set ucliGUI::state
17:11:45    18 -->                                                                     [tcl] gui_update_simulator_buttons
17:11:45    19 -->                                                                         [tcl] set ucliGUI::state
17:11:45    20 -->                                                                             [tcl] ucliCore::getToolPID
17:11:45    21 -->                                                                                 [tcl] synopsys::env hasTB
17:11:45    22 -->                                                                                     [tcl] trigger_hier_stack_context_switch 0
17:11:45    23 -->                                                                                         [tcl] synUtils::setDVEInitPhase 1
17:11:45    24 -->                                                                                             [tcl] gui_get_env SIMSETUP::SIMVPD
17:11:45    25 --> ...  [tcl] synopsys::dump -type VPD -file /home/shiyuwu/EECS470/Lab1/lab1/inter.vpd -locking
17:11:45    26 --> ...      [tcl] synopsys::dump -autoflush on -fid VPD0
17:11:45    27 --> ...          [tcl] set ::dve_fid VPD0
17:11:45    28 --> ...              [tcl] synUtils::setDVEInitPhase 0
17:11:45    29 --> ...                  [tcl] ucliCore::getToolPID
17:11:45    30 --> ...                      [tcl] synUtils::sendTool -active _icl_setToolSocket /tmp/smlnpsr6r7T
17:11:45    31 --> ...                          [tcl] synUtils::sendTool -active {_icl_start_rpc -version "N-2017.12-SP2-1_Full64" -sync_file /tmp/vcs_dve_rpc.shiyuwu.16380}
17:11:46    32 --> ...                              [tcl] synUtils::sendTool -active {_icl_createSharedMemory /tmp/vcs_dve_general.shiyuwu.16380}
17:11:46    33 --> ...                                  [tcl] dveMisc::vbusExpand testbench
17:11:46    34 --> ...                                      [tcl] ucliGUI::getSignalValues -scope testbench -radix {binary binary binary binary binary binary } -list {a_req b_req reset clock a_res b_res }
17:11:46    35 --> ...                                          [tcl] config endofsim noexit
17:11:46    36 --> ...                                              [tcl] config onfail enable all
17:11:46    37 --> ...                                                  [tcl] config syscaddplainmembers
17:11:46    38 --> ...                                                      [tcl] config syscaddsourcenames
17:11:46    39 --> ...                                                          [tcl] config syscaddstructtypes
17:11:46    40 --> ...                                                              [tcl] synopsys::listing -disable
17:11:53    41 --> ...                                                                  [tcl] dveMisc::vbusExpand testbench.arb
17:12:12    42 --> ...                                                                      [tcl] synopsys::dump -add {testbench.arb.a_req testbench.arb.a_res testbench.arb.b_req testbench.arb.b_res testbench.arb.clock testbench.arb.next_state testbench.arb.reset testbench.arb.state } -aggregates  -fid VPD0
17:12:19    43 --> ...                                                                          [tcl] synopsys::dump -add {testbench.a_req testbench.a_res testbench.b_req testbench.b_res testbench.clock testbench.reset } -aggregates  -fid VPD0
17:12:41    44 --> ...                                                                              [tcl] synopsys::run
17:12:41    45 --> ...                                                                                  [tcl] set ucliGUI::state
17:12:41    46 --> ...                                                                                      [tcl] gui_update_simulator_buttons
17:12:41    47 --> ...                                                                                          [tcl] set ucliGUI::state
17:12:41    48 --> ...                                                                                              [tcl] set ucliGUI::state
17:12:41    49 --> ...                                                                                                  [tcl] set ucliGUI::state
17:12:41    50 --> ...  [tcl] catch {senv activeDomain} dveMisc::result 
17:12:41    51 --> ...      [tcl] set dveMisc::result
17:12:41    52 --> ...          [tcl] gui_update_simulator_buttons
17:12:41    53 --> ...              [tcl] ucliGUI::getSignalValues -scope testbench -radix {binary binary binary binary binary binary } -list {a_req b_req reset clock a_res b_res }
17:18:42    54 --> ...                  [tcl] if [catch {gui_sim_terminate}] {gui_sim_terminate -kill}
17:18:42    55 --> ...                      [tcl] synopsys::finish
17:18:42    56 --> ...                          [tcl] set ucliGUI::state
17:18:42    57 --> ...                              [tcl] gui_update_simulator_buttons
17:18:42    58 --> ...                                  [tcl] set ucliGUI::state
17:18:42    59 --> ...                                      [tcl] catch {senv activeDomain} dveMisc::result 
17:18:42    60 --> ...                                          [tcl] set dveMisc::result
17:18:42    61 --> ...                                              [tcl] gui_update_simulator_buttons
17:18:42    62 --> ...                                                  [tcl] catch {senv activeDomain} dveMisc::result 
17:18:42    63 --> ...                                                      [tcl] set dveMisc::result
17:18:42    64 --> ...                                                          [tcl] ucli_exit
